[debug] [2023-06-23T10:23:04.364Z] ----------------------------------------------------------------------
[debug] [2023-06-23T10:23:04.365Z] Command:       C:\Program Files\nodejs\node.exe C:\Users\kayde\AppData\Roaming\npm\node_modules\firebase-tools\lib\bin\firebase.js deploy
[debug] [2023-06-23T10:23:04.365Z] CLI Version:   12.4.0
[debug] [2023-06-23T10:23:04.366Z] Platform:      win32
[debug] [2023-06-23T10:23:04.366Z] Node Version:  v18.16.0
[debug] [2023-06-23T10:23:04.367Z] Time:          Fri Jun 23 2023 18:23:04 GMT+0800 (Singapore Standard Time)
[debug] [2023-06-23T10:23:04.367Z] ----------------------------------------------------------------------
[debug] 
[debug] [2023-06-23T10:23:04.419Z] Field ".emulators.firestore.port" in "firebase.json" is possibly invalid: should be number
[debug] [2023-06-23T10:23:04.423Z] > command requires scopes: ["email","openid","https://www.googleapis.com/auth/cloudplatformprojects.readonly","https://www.googleapis.com/auth/firebase","https://www.googleapis.com/auth/cloud-platform"]
[debug] [2023-06-23T10:23:04.423Z] > authorizing via signed-in user (kayden@cloudservetechcentral.com)
[debug] [2023-06-23T10:23:04.423Z] [iam] checking project ecommerce-v1-ab9e2 for permissions ["cloudfunctions.functions.create","cloudfunctions.functions.delete","cloudfunctions.functions.get","cloudfunctions.functions.list","cloudfunctions.functions.update","cloudfunctions.operations.get","datastore.indexes.create","datastore.indexes.delete","datastore.indexes.list","datastore.indexes.update","firebase.projects.get","firebasedatabase.instances.update","firebasehosting.sites.update","firebaserules.releases.create","firebaserules.releases.update","firebaserules.rulesets.create"]
[debug] [2023-06-23T10:23:04.425Z] >>> [apiv2][query] POST https://cloudresourcemanager.googleapis.com/v1/projects/ecommerce-v1-ab9e2:testIamPermissions [none]
[debug] [2023-06-23T10:23:04.425Z] >>> [apiv2][(partial)header] POST https://cloudresourcemanager.googleapis.com/v1/projects/ecommerce-v1-ab9e2:testIamPermissions x-goog-quota-user=projects/ecommerce-v1-ab9e2
[debug] [2023-06-23T10:23:04.425Z] >>> [apiv2][body] POST https://cloudresourcemanager.googleapis.com/v1/projects/ecommerce-v1-ab9e2:testIamPermissions {"permissions":["cloudfunctions.functions.create","cloudfunctions.functions.delete","cloudfunctions.functions.get","cloudfunctions.functions.list","cloudfunctions.functions.update","cloudfunctions.operations.get","datastore.indexes.create","datastore.indexes.delete","datastore.indexes.list","datastore.indexes.update","firebase.projects.get","firebasedatabase.instances.update","firebasehosting.sites.update","firebaserules.releases.create","firebaserules.releases.update","firebaserules.rulesets.create"]}
[debug] [2023-06-23T10:23:05.453Z] <<< [apiv2][status] POST https://cloudresourcemanager.googleapis.com/v1/projects/ecommerce-v1-ab9e2:testIamPermissions 200
[debug] [2023-06-23T10:23:05.454Z] <<< [apiv2][body] POST https://cloudresourcemanager.googleapis.com/v1/projects/ecommerce-v1-ab9e2:testIamPermissions {"permissions":["cloudfunctions.functions.create","cloudfunctions.functions.delete","cloudfunctions.functions.get","cloudfunctions.functions.list","cloudfunctions.functions.update","cloudfunctions.operations.get","datastore.indexes.create","datastore.indexes.delete","datastore.indexes.list","datastore.indexes.update","firebase.projects.get","firebasedatabase.instances.update","firebasehosting.sites.update","firebaserules.releases.create","firebaserules.releases.update","firebaserules.rulesets.create"]}
[debug] [2023-06-23T10:23:05.454Z] >>> [apiv2][query] POST https://iam.googleapis.com/v1/projects/ecommerce-v1-ab9e2/serviceAccounts/ecommerce-v1-ab9e2@appspot.gserviceaccount.com:testIamPermissions [none]
[debug] [2023-06-23T10:23:05.454Z] >>> [apiv2][body] POST https://iam.googleapis.com/v1/projects/ecommerce-v1-ab9e2/serviceAccounts/ecommerce-v1-ab9e2@appspot.gserviceaccount.com:testIamPermissions {"permissions":["iam.serviceAccounts.actAs"]}
[debug] [2023-06-23T10:23:06.655Z] <<< [apiv2][status] POST https://iam.googleapis.com/v1/projects/ecommerce-v1-ab9e2/serviceAccounts/ecommerce-v1-ab9e2@appspot.gserviceaccount.com:testIamPermissions 404
[debug] [2023-06-23T10:23:06.655Z] <<< [apiv2][body] POST https://iam.googleapis.com/v1/projects/ecommerce-v1-ab9e2/serviceAccounts/ecommerce-v1-ab9e2@appspot.gserviceaccount.com:testIamPermissions {"error":{"code":404,"message":"Unknown service account","status":"NOT_FOUND"}}
[debug] [2023-06-23T10:23:06.656Z] [functions] service account IAM check errored, deploy may fail: HTTP Error: 404, Unknown service account {"name":"FirebaseError","children":[],"context":{"body":{"error":{"code":404,"message":"Unknown service account","status":"NOT_FOUND"}},"response":{"statusCode":404}},"exit":1,"message":"HTTP Error: 404, Unknown service account","status":404}
[debug] [2023-06-23T10:23:06.657Z] >>> [apiv2][query] GET https://firebase.googleapis.com/v1beta1/projects/ecommerce-v1-ab9e2 [none]
[debug] [2023-06-23T10:23:06.951Z] <<< [apiv2][status] GET https://firebase.googleapis.com/v1beta1/projects/ecommerce-v1-ab9e2 200
[debug] [2023-06-23T10:23:06.951Z] <<< [apiv2][body] GET https://firebase.googleapis.com/v1beta1/projects/ecommerce-v1-ab9e2 {"projectId":"ecommerce-v1-ab9e2","projectNumber":"811810661772","displayName":"ecommerce-v1","name":"projects/ecommerce-v1-ab9e2","resources":{"hostingSite":"ecommerce-v1-ab9e2","realtimeDatabaseInstance":"ecommerce-v1-ab9e2-default-rtdb"},"state":"ACTIVE","etag":"1_ddbb46aa-9ce1-4d53-b69e-b10a220681fb"}
[debug] [2023-06-23T10:23:06.952Z] >>> [apiv2][query] GET https://firebase.googleapis.com/v1beta1/projects/ecommerce-v1-ab9e2 [none]
[debug] [2023-06-23T10:23:07.225Z] <<< [apiv2][status] GET https://firebase.googleapis.com/v1beta1/projects/ecommerce-v1-ab9e2 200
[debug] [2023-06-23T10:23:07.225Z] <<< [apiv2][body] GET https://firebase.googleapis.com/v1beta1/projects/ecommerce-v1-ab9e2 {"projectId":"ecommerce-v1-ab9e2","projectNumber":"811810661772","displayName":"ecommerce-v1","name":"projects/ecommerce-v1-ab9e2","resources":{"hostingSite":"ecommerce-v1-ab9e2","realtimeDatabaseInstance":"ecommerce-v1-ab9e2-default-rtdb"},"state":"ACTIVE","etag":"1_ddbb46aa-9ce1-4d53-b69e-b10a220681fb"}
[info] 
[info] === Deploying to 'ecommerce-v1-ab9e2'...
[info] 
[info] i  deploying database, storage, firestore, functions, hosting 
[debug] [2023-06-23T10:23:07.271Z] TypeError [ERR_INVALID_ARG_TYPE]: The "path" argument must be of type string. Received undefined
    at new NodeError (node:internal/errors:399:5)
    at validateString (node:internal/validators:163:11)
    at Object.join (node:path:429:7)
    at Config.path (C:\Users\kayde\AppData\Roaming\npm\node_modules\firebase-tools\lib\config.js:123:45)
    at getChildEnvironment (C:\Users\kayde\AppData\Roaming\npm\node_modules\firebase-tools\lib\deploy\lifecycleHooks.js:52:49)
    at runTargetCommands (C:\Users\kayde\AppData\Roaming\npm\node_modules\firebase-tools\lib\deploy\lifecycleHooks.js:73:14)
    at C:\Users\kayde\AppData\Roaming\npm\node_modules\firebase-tools\lib\deploy\lifecycleHooks.js:125:24
    at process.processTicksAndRejections (node:internal/process/task_queues:95:5)
    at async chain (C:\Users\kayde\AppData\Roaming\npm\node_modules\firebase-tools\lib\deploy\index.js:38:9)
    at async deploy (C:\Users\kayde\AppData\Roaming\npm\node_modules\firebase-tools\lib\deploy\index.js:94:5)
[error] 
[error] Error: An unexpected error has occurred.
[debug] [2023-06-23T10:26:11.291Z] ----------------------------------------------------------------------
[debug] [2023-06-23T10:26:11.293Z] Command:       C:\Program Files\nodejs\node.exe C:\Users\kayde\AppData\Roaming\npm\node_modules\firebase-tools\lib\bin\firebase.js deploy
[debug] [2023-06-23T10:26:11.293Z] CLI Version:   12.4.0
[debug] [2023-06-23T10:26:11.293Z] Platform:      win32
[debug] [2023-06-23T10:26:11.294Z] Node Version:  v18.16.0
[debug] [2023-06-23T10:26:11.294Z] Time:          Fri Jun 23 2023 18:26:11 GMT+0800 (Singapore Standard Time)
[debug] [2023-06-23T10:26:11.294Z] ----------------------------------------------------------------------
[debug] 
[debug] [2023-06-23T10:26:11.348Z] Field ".emulators.firestore.port" in "firebase.json" is possibly invalid: should be number
[debug] [2023-06-23T10:26:11.352Z] > command requires scopes: ["email","openid","https://www.googleapis.com/auth/cloudplatformprojects.readonly","https://www.googleapis.com/auth/firebase","https://www.googleapis.com/auth/cloud-platform"]
[debug] [2023-06-23T10:26:11.352Z] > authorizing via signed-in user (kayden@cloudservetechcentral.com)
[debug] [2023-06-23T10:26:11.352Z] [iam] checking project ecommerce-v1-ab9e2 for permissions ["cloudfunctions.functions.create","cloudfunctions.functions.delete","cloudfunctions.functions.get","cloudfunctions.functions.list","cloudfunctions.functions.update","cloudfunctions.operations.get","datastore.indexes.create","datastore.indexes.delete","datastore.indexes.list","datastore.indexes.update","firebase.projects.get","firebasedatabase.instances.update","firebasehosting.sites.update","firebaserules.releases.create","firebaserules.releases.update","firebaserules.rulesets.create"]
[debug] [2023-06-23T10:26:11.355Z] >>> [apiv2][query] POST https://cloudresourcemanager.googleapis.com/v1/projects/ecommerce-v1-ab9e2:testIamPermissions [none]
[debug] [2023-06-23T10:26:11.355Z] >>> [apiv2][(partial)header] POST https://cloudresourcemanager.googleapis.com/v1/projects/ecommerce-v1-ab9e2:testIamPermissions x-goog-quota-user=projects/ecommerce-v1-ab9e2
[debug] [2023-06-23T10:26:11.355Z] >>> [apiv2][body] POST https://cloudresourcemanager.googleapis.com/v1/projects/ecommerce-v1-ab9e2:testIamPermissions {"permissions":["cloudfunctions.functions.create","cloudfunctions.functions.delete","cloudfunctions.functions.get","cloudfunctions.functions.list","cloudfunctions.functions.update","cloudfunctions.operations.get","datastore.indexes.create","datastore.indexes.delete","datastore.indexes.list","datastore.indexes.update","firebase.projects.get","firebasedatabase.instances.update","firebasehosting.sites.update","firebaserules.releases.create","firebaserules.releases.update","firebaserules.rulesets.create"]}
[debug] [2023-06-23T10:26:12.431Z] <<< [apiv2][status] POST https://cloudresourcemanager.googleapis.com/v1/projects/ecommerce-v1-ab9e2:testIamPermissions 200
[debug] [2023-06-23T10:26:12.431Z] <<< [apiv2][body] POST https://cloudresourcemanager.googleapis.com/v1/projects/ecommerce-v1-ab9e2:testIamPermissions {"permissions":["cloudfunctions.functions.create","cloudfunctions.functions.delete","cloudfunctions.functions.get","cloudfunctions.functions.list","cloudfunctions.functions.update","cloudfunctions.operations.get","datastore.indexes.create","datastore.indexes.delete","datastore.indexes.list","datastore.indexes.update","firebase.projects.get","firebasedatabase.instances.update","firebasehosting.sites.update","firebaserules.releases.create","firebaserules.releases.update","firebaserules.rulesets.create"]}
[debug] [2023-06-23T10:26:12.431Z] >>> [apiv2][query] POST https://iam.googleapis.com/v1/projects/ecommerce-v1-ab9e2/serviceAccounts/ecommerce-v1-ab9e2@appspot.gserviceaccount.com:testIamPermissions [none]
[debug] [2023-06-23T10:26:12.431Z] >>> [apiv2][body] POST https://iam.googleapis.com/v1/projects/ecommerce-v1-ab9e2/serviceAccounts/ecommerce-v1-ab9e2@appspot.gserviceaccount.com:testIamPermissions {"permissions":["iam.serviceAccounts.actAs"]}
[debug] [2023-06-23T10:26:13.742Z] <<< [apiv2][status] POST https://iam.googleapis.com/v1/projects/ecommerce-v1-ab9e2/serviceAccounts/ecommerce-v1-ab9e2@appspot.gserviceaccount.com:testIamPermissions 404
[debug] [2023-06-23T10:26:13.742Z] <<< [apiv2][body] POST https://iam.googleapis.com/v1/projects/ecommerce-v1-ab9e2/serviceAccounts/ecommerce-v1-ab9e2@appspot.gserviceaccount.com:testIamPermissions {"error":{"code":404,"message":"Unknown service account","status":"NOT_FOUND"}}
[debug] [2023-06-23T10:26:13.743Z] [functions] service account IAM check errored, deploy may fail: HTTP Error: 404, Unknown service account {"name":"FirebaseError","children":[],"context":{"body":{"error":{"code":404,"message":"Unknown service account","status":"NOT_FOUND"}},"response":{"statusCode":404}},"exit":1,"message":"HTTP Error: 404, Unknown service account","status":404}
[debug] [2023-06-23T10:26:13.744Z] >>> [apiv2][query] GET https://firebase.googleapis.com/v1beta1/projects/ecommerce-v1-ab9e2 [none]
[debug] [2023-06-23T10:26:14.077Z] <<< [apiv2][status] GET https://firebase.googleapis.com/v1beta1/projects/ecommerce-v1-ab9e2 200
[debug] [2023-06-23T10:26:14.078Z] <<< [apiv2][body] GET https://firebase.googleapis.com/v1beta1/projects/ecommerce-v1-ab9e2 {"projectId":"ecommerce-v1-ab9e2","projectNumber":"811810661772","displayName":"ecommerce-v1","name":"projects/ecommerce-v1-ab9e2","resources":{"hostingSite":"ecommerce-v1-ab9e2","realtimeDatabaseInstance":"ecommerce-v1-ab9e2-default-rtdb"},"state":"ACTIVE","etag":"1_ddbb46aa-9ce1-4d53-b69e-b10a220681fb"}
[debug] [2023-06-23T10:26:14.078Z] >>> [apiv2][query] GET https://firebase.googleapis.com/v1beta1/projects/ecommerce-v1-ab9e2 [none]
[debug] [2023-06-23T10:26:14.388Z] <<< [apiv2][status] GET https://firebase.googleapis.com/v1beta1/projects/ecommerce-v1-ab9e2 200
[debug] [2023-06-23T10:26:14.388Z] <<< [apiv2][body] GET https://firebase.googleapis.com/v1beta1/projects/ecommerce-v1-ab9e2 {"projectId":"ecommerce-v1-ab9e2","projectNumber":"811810661772","displayName":"ecommerce-v1","name":"projects/ecommerce-v1-ab9e2","resources":{"hostingSite":"ecommerce-v1-ab9e2","realtimeDatabaseInstance":"ecommerce-v1-ab9e2-default-rtdb"},"state":"ACTIVE","etag":"1_ddbb46aa-9ce1-4d53-b69e-b10a220681fb"}
[info] 
[info] === Deploying to 'ecommerce-v1-ab9e2'...
[info] 
[info] i  deploying database, storage, firestore, functions, hosting 
[debug] [2023-06-23T10:26:14.428Z] TypeError [ERR_INVALID_ARG_TYPE]: The "path" argument must be of type string. Received undefined
    at new NodeError (node:internal/errors:399:5)
    at validateString (node:internal/validators:163:11)
    at Object.join (node:path:429:7)
    at Config.path (C:\Users\kayde\AppData\Roaming\npm\node_modules\firebase-tools\lib\config.js:123:45)
    at getChildEnvironment (C:\Users\kayde\AppData\Roaming\npm\node_modules\firebase-tools\lib\deploy\lifecycleHooks.js:52:49)
    at runTargetCommands (C:\Users\kayde\AppData\Roaming\npm\node_modules\firebase-tools\lib\deploy\lifecycleHooks.js:73:14)
    at C:\Users\kayde\AppData\Roaming\npm\node_modules\firebase-tools\lib\deploy\lifecycleHooks.js:125:24
    at process.processTicksAndRejections (node:internal/process/task_queues:95:5)
    at async chain (C:\Users\kayde\AppData\Roaming\npm\node_modules\firebase-tools\lib\deploy\index.js:38:9)
    at async deploy (C:\Users\kayde\AppData\Roaming\npm\node_modules\firebase-tools\lib\deploy\index.js:94:5)
[error] 
[error] Error: An unexpected error has occurred.
